<?xml version="1.0" encoding="utf-8"?><testsuites name="pytest tests"><testsuite name="pytest" errors="0" failures="0" skipped="0" tests="36" time="13.005" timestamp="2026-05-21T15:22:06.109455+00:00" hostname="agent-env-f564b185-eb3f-4a7b-b5f7-efd73bfc2418"><testcase classname="backend.tests.test_civicpulse_api.TestAuth" name="test_root" time="0.189" /><testcase classname="backend.tests.test_civicpulse_api.TestAuth" name="test_signup_new_user" time="0.292" /><testcase classname="backend.tests.test_civicpulse_api.TestAuth" name="test_signup_duplicate_email_returns_400" time="0.074" /><testcase classname="backend.tests.test_civicpulse_api.TestAuth" name="test_signup_official_and_supervisor" time="0.583" /><testcase classname="backend.tests.test_civicpulse_api.TestAuth" name="test_login_seeded_citizen" time="0.291" /><testcase classname="backend.tests.test_civicpulse_api.TestAuth" name="test_login_invalid_password" time="0.285" /><testcase classname="backend.tests.test_civicpulse_api.TestAuth" name="test_login_unknown_email" time="0.067" /><testcase classname="backend.tests.test_civicpulse_api.TestAuth" name="test_me_returns_profile" time="0.354" /><testcase classname="backend.tests.test_civicpulse_api.TestAuth" name="test_me_no_token" time="0.066" /><testcase classname="backend.tests.test_civicpulse_api.TestAICategorize" name="test_ai_categorize_pothole" time="2.247" /><testcase classname="backend.tests.test_civicpulse_api.TestAICategorize" name="test_ai_categorize_short_desc_fallback" time="0.092" /><testcase classname="backend.tests.test_civicpulse_api.TestAICategorize" name="test_ai_categorize_garbage_likely" time="1.750" /><testcase classname="backend.tests.test_civicpulse_api.TestIssues" name="test_create_issue" time="1.125" /><testcase classname="backend.tests.test_civicpulse_api.TestIssues" name="test_create_issue_requires_auth" time="0.070" /><testcase classname="backend.tests.test_civicpulse_api.TestIssues" name="test_get_issue_with_comments_activity" time="0.068" /><testcase classname="backend.tests.test_civicpulse_api.TestIssues" name="test_get_issue_not_found" time="0.070" /><testcase classname="backend.tests.test_civicpulse_api.TestIssues" name="test_list_issues_mine_filter" time="0.066" /><testcase classname="backend.tests.test_civicpulse_api.TestIssues" name="test_list_issues_category_filter" time="0.072" /><testcase classname="backend.tests.test_civicpulse_api.TestIssues" name="test_list_issues_status_filter" time="0.066" /><testcase classname="backend.tests.test_civicpulse_api.TestIssues" name="test_list_issues_assigned_filter" time="0.382" /><testcase classname="backend.tests.test_civicpulse_api.TestIssues" name="test_public_issues_no_auth" time="0.095" /><testcase classname="backend.tests.test_civicpulse_api.TestIssues" name="test_patch_issue_as_citizen_forbidden" time="0.066" /><testcase classname="backend.tests.test_civicpulse_api.TestIssues" name="test_patch_issue_as_official_updates_status" time="0.244" /><testcase classname="backend.tests.test_civicpulse_api.TestIssues" name="test_patch_resolve_sets_resolved_at" time="0.079" /><testcase classname="backend.tests.test_civicpulse_api.TestIssues" name="test_add_comment" time="0.074" /><testcase classname="backend.tests.test_civicpulse_api.TestIssues" name="test_upvote_increments" time="0.137" /><testcase classname="backend.tests.test_civicpulse_api.TestNotifications" name="test_get_notifications" time="1.069" /><testcase classname="backend.tests.test_civicpulse_api.TestNotifications" name="test_mark_all_read" time="0.133" /><testcase classname="backend.tests.test_civicpulse_api.TestAnalytics" name="test_public_analytics" time="0.071" /><testcase classname="backend.tests.test_civicpulse_api.TestAnalytics" name="test_supervisor_analytics_requires_supervisor" time="0.074" /><testcase classname="backend.tests.test_civicpulse_api.TestAnalytics" name="test_supervisor_analytics_ok" time="0.363" /><testcase classname="backend.tests.test_civicpulse_api.TestOfficials" name="test_officials_requires_role" time="0.061" /><testcase classname="backend.tests.test_civicpulse_api.TestOfficials" name="test_officials_supervisor" time="0.072" /><testcase classname="backend.tests.test_civicpulse_api.TestOfficials" name="test_officials_official_role" time="0.065" /><testcase classname="backend.tests.test_civicpulse_api.TestSeed" name="test_seed_20_issues" time="0.078" /><testcase classname="backend.tests.test_civicpulse_api.TestSeed" name="test_seed_demo_accounts" time="2.034" /></testsuite></testsuites>